{Mon, 10 Dec 2012 15:48:38 GMT} Zenphoto v1.4.3.5[11059]
  Backtrace: USER ERROR: MySQL Error: The database is connected, but MySQL returned the error <em>No database selected</em> when Zenphoto tried to select the database . in /Users/Folke/Documents/Arbete/kunder/MalinKosatha/Hemsida/zp-core/functions-basic.php on line 922
trigger_error called
 from zp_error (functions-basic.php [922])
   from db_connect (functions-db-MySQL.php [31])
     from require_once (functions-basic.php [144])
       from require_once (functions.php [18])
         from setup_permissions_changer.php [9]
{Mon, 10 Dec 2012 15:48:38 GMT}
  Backtrace: USER ERROR: MySQL Error: The database is connected, but MySQL returned the error <em>No database selected</em> when Zenphoto tried to select the database . in /Users/Folke/Documents/Arbete/kunder/MalinKosatha/Hemsida/zp-core/functions-basic.php on line 922
trigger_error called
 from zp_error (functions-basic.php [922])
   from db_connect (functions-db-MySQL.php [31])
     from require_once (functions-basic.php [144])
       from require_once (functions.php [18])
         from setup_permissions_changer.php [9]
{Mon, 10 Dec 2012 15:48:38 GMT}
  Backtrace: USER ERROR: MySQL Error: The database is connected, but MySQL returned the error <em>No database selected</em> when Zenphoto tried to select the database . in /Users/Folke/Documents/Arbete/kunder/MalinKosatha/Hemsida/zp-core/functions-basic.php on line 922
trigger_error called
 from zp_error (functions-basic.php [922])
   from db_connect (functions-db-MySQL.php [31])
     from require_once (functions-basic.php [144])
       from require_once (functions.php [18])
         from setup_permissions_changer.php [9]
{Mon, 10 Dec 2012 15:48:38 GMT}
  Backtrace: USER ERROR: MySQL Error: The database is connected, but MySQL returned the error <em>No database selected</em> when Zenphoto tried to select the database . in /Users/Folke/Documents/Arbete/kunder/MalinKosatha/Hemsida/zp-core/functions-basic.php on line 922
trigger_error called
 from zp_error (functions-basic.php [922])
   from db_connect (functions-db-MySQL.php [31])
     from require_once (functions-basic.php [144])
       from require_once (functions.php [18])
         from setup_permissions_changer.php [9]
{Mon, 10 Dec 2012 16:08:03 GMT}
  Backtrace: WARNING: Cannot modify header information - headers already sent by (output started at /Users/Folke/Documents/Arbete/kunder/MalinKosatha/Hemsida/themes/m9/theme_description.php:1) in /Users/Folke/Documents/Arbete/kunder/MalinKosatha/Hemsida/zp-core/admin-functions.php on line 109
header called
 from printAdminHeader (admin-functions.php [109])
   from admin-themes-editor.php [70]
{Mon, 10 Dec 2012 16:08:03 GMT}
  Backtrace: WARNING: Cannot modify header information - headers already sent by (output started at /Users/Folke/Documents/Arbete/kunder/MalinKosatha/Hemsida/themes/m9/theme_description.php:1) in /Users/Folke/Documents/Arbete/kunder/MalinKosatha/Hemsida/zp-core/admin-functions.php on line 110
header called
 from printAdminHeader (admin-functions.php [110])
   from admin-themes-editor.php [70]
{Mon, 10 Dec 2012 16:08:09 GMT}
  Backtrace: WARNING: Cannot modify header information - headers already sent by (output started at /Users/Folke/Documents/Arbete/kunder/MalinKosatha/Hemsida/themes/m9/theme_description.php:1) in /Users/Folke/Documents/Arbete/kunder/MalinKosatha/Hemsida/zp-core/admin-functions.php on line 109
header called
 from printAdminHeader (admin-functions.php [109])
   from admin-themes-editor.php [70]
{Mon, 10 Dec 2012 16:08:09 GMT}
  Backtrace: WARNING: Cannot modify header information - headers already sent by (output started at /Users/Folke/Documents/Arbete/kunder/MalinKosatha/Hemsida/themes/m9/theme_description.php:1) in /Users/Folke/Documents/Arbete/kunder/MalinKosatha/Hemsida/zp-core/admin-functions.php on line 110
header called
 from printAdminHeader (admin-functions.php [110])
   from admin-themes-editor.php [70]
{Mon, 10 Dec 2012 16:08:12 GMT}
  Backtrace: WARNING: Cannot modify header information - headers already sent by (output started at /Users/Folke/Documents/Arbete/kunder/MalinKosatha/Hemsida/themes/m9/theme_description.php:1) in /Users/Folke/Documents/Arbete/kunder/MalinKosatha/Hemsida/zp-core/admin-functions.php on line 109
header called
 from printAdminHeader (admin-functions.php [109])
   from admin-themes-editor.php [70]
{Mon, 10 Dec 2012 16:08:12 GMT}
  Backtrace: WARNING: Cannot modify header information - headers already sent by (output started at /Users/Folke/Documents/Arbete/kunder/MalinKosatha/Hemsida/themes/m9/theme_description.php:1) in /Users/Folke/Documents/Arbete/kunder/MalinKosatha/Hemsida/zp-core/admin-functions.php on line 110
header called
 from printAdminHeader (admin-functions.php [110])
   from admin-themes-editor.php [70]
{Mon, 10 Dec 2012 16:12:11 GMT}
  Backtrace: WARNING: Cannot modify header information - headers already sent by (output started at /Users/Folke/Documents/Arbete/kunder/MalinKosatha/Hemsida/themes/m9/theme_description.php:1) in /Users/Folke/Documents/Arbete/kunder/MalinKosatha/Hemsida/zp-core/admin-functions.php on line 109
header called
 from printAdminHeader (admin-functions.php [109])
   from admin-themes-editor.php [70]
{Mon, 10 Dec 2012 16:12:11 GMT}
  Backtrace: WARNING: Cannot modify header information - headers already sent by (output started at /Users/Folke/Documents/Arbete/kunder/MalinKosatha/Hemsida/themes/m9/theme_description.php:1) in /Users/Folke/Documents/Arbete/kunder/MalinKosatha/Hemsida/zp-core/admin-functions.php on line 110
header called
 from printAdminHeader (admin-functions.php [110])
   from admin-themes-editor.php [70]
{Mon, 10 Dec 2012 16:12:31 GMT}
  Backtrace: WARNING: Cannot modify header information - headers already sent by (output started at /Users/Folke/Documents/Arbete/kunder/MalinKosatha/Hemsida/themes/m9/theme_description.php:1) in /Users/Folke/Documents/Arbete/kunder/MalinKosatha/Hemsida/zp-core/admin-functions.php on line 109
header called
 from printAdminHeader (admin-functions.php [109])
   from admin-themes-editor.php [70]
{Mon, 10 Dec 2012 16:12:31 GMT}
  Backtrace: WARNING: Cannot modify header information - headers already sent by (output started at /Users/Folke/Documents/Arbete/kunder/MalinKosatha/Hemsida/themes/m9/theme_description.php:1) in /Users/Folke/Documents/Arbete/kunder/MalinKosatha/Hemsida/zp-core/admin-functions.php on line 110
header called
 from printAdminHeader (admin-functions.php [110])
   from admin-themes-editor.php [70]
{Mon, 10 Dec 2012 16:12:32 GMT}
  Backtrace: WARNING: require_once(/Users/Folke/Documents/Arbete/kunder/MalinKosatha/Hemsida/themes/Webbits/joshuaink.php): failed to open stream: No such file or directory in /Users/Folke/Documents/Arbete/kunder/MalinKosatha/Hemsida/themes/Webbits/index.php on line 2
require_once called
 from include (index.php [2])
   from index.php [92]
{Mon, 10 Dec 2012 16:12:33 GMT}
  Backtrace: WARNING: require_once(joshuaink.php): failed to open stream: No such file or directory in /Users/Folke/Documents/Arbete/kunder/MalinKosatha/Hemsida/themes/Webbits/index.php on line 2
require_once called
 from include (index.php [2])
   from index.php [92]
{Mon, 10 Dec 2012 16:12:46 GMT}
  Backtrace: WARNING: Cannot modify header information - headers already sent by (output started at /Users/Folke/Documents/Arbete/kunder/MalinKosatha/Hemsida/themes/m9/theme_description.php:1) in /Users/Folke/Documents/Arbete/kunder/MalinKosatha/Hemsida/zp-core/admin-functions.php on line 109
header called
 from printAdminHeader (admin-functions.php [109])
   from admin-themes-editor.php [70]
{Mon, 10 Dec 2012 16:12:46 GMT}
  Backtrace: WARNING: Cannot modify header information - headers already sent by (output started at /Users/Folke/Documents/Arbete/kunder/MalinKosatha/Hemsida/themes/m9/theme_description.php:1) in /Users/Folke/Documents/Arbete/kunder/MalinKosatha/Hemsida/zp-core/admin-functions.php on line 110
header called
 from printAdminHeader (admin-functions.php [110])
   from admin-themes-editor.php [70]
{Mon, 10 Dec 2012 16:45:50 GMT}
  Backtrace: USER WARNING: zenJavascript (called from index.php line 7) is deprecated Use zp_apply_filter("theme_head").<br />You can disable this error message by going to the <em>deprecated-functions</em> plugin options and un-checking <strong>zenJavascript</strong> in the list of functions.<br /> in /Users/Folke/Documents/Arbete/kunder/MalinKosatha/Hemsida/zp-core/zp-extensions/deprecated-functions.php on line 76
trigger_error called
 from deprecated_functions::notify (deprecated-functions.php [76])
   from zenJavascript (deprecated-functions.php [333])
     from include (index.php [7])
       from index.php [92]
